#-----------------------------------------------------------
# Vivado v2016.1 (64-bit)
# SW Build 1538259 on Fri Apr  8 15:45:27 MDT 2016
# IP Build 1537824 on Fri Apr  8 04:28:57 MDT 2016
# Start of session at: Mon Mar 17 09:40:03 2025
# Process ID: 2412
# Current directory: D:/sabyasachi_005/NAND_Gate
# Command line: vivado.exe -gui_launcher_event rodinguilauncherevent6580 D:\sabyasachi_005\NAND_Gate\NAND_Gate.xpr
# Log file: D:/sabyasachi_005/NAND_Gate/vivado.log
# Journal file: D:/sabyasachi_005/NAND_Gate\vivado.jou
#-----------------------------------------------------------
start_gui
open_project D:/sabyasachi_005/NAND_Gate/NAND_Gate.xpr
Scanning sources...
Finished scanning sources
INFO: [IP_Flow 19-234] Refreshing IP repositories
INFO: [IP_Flow 19-1704] No user IP repositories specified
INFO: [IP_Flow 19-2313] Loaded Vivado IP repository 'C:/Xilinx/Vivado/2016.1/data/ip'.
open_project: Time (s): cpu = 00:00:14 ; elapsed = 00:00:06 . Memory (MB): peak = 788.547 ; gain = 143.773
update_compile_order -fileset sources_1
exit
INFO: [Common 17-206] Exiting Vivado at Mon Mar 17 10:05:46 2025...
